.\Debug\MediaPlay.bsc
.\Debug\MediaPlay.ilk
.\Debug\MediaPlay.pdb
F:\IPMP_CallService\MediaPlay\.\Debug\MediaPlay.exe
F:\IPMP_CallService\MediaPlay\.\Debug\MediaPlay.exe.intermediate.manifest
F:\IPMP_CallService\MediaPlay\Debug\BscMake.command.1.tlog
F:\IPMP_CallService\MediaPlay\Debug\bscmake.read.1.tlog
F:\IPMP_CallService\MediaPlay\Debug\bscmake.write.1.tlog
F:\IPMP_CallService\MediaPlay\Debug\cl.command.1.tlog
F:\IPMP_CallService\MediaPlay\Debug\CL.read.1.tlog
F:\IPMP_CallService\MediaPlay\Debug\CL.write.1.tlog
F:\IPMP_CallService\MediaPlay\Debug\link.command.1.tlog
F:\IPMP_CallService\MediaPlay\Debug\link.read.1.tlog
F:\IPMP_CallService\MediaPlay\Debug\link.write.1.tlog
F:\IPMP_CallService\MediaPlay\Debug\link-cvtres.read.1.tlog
F:\IPMP_CallService\MediaPlay\Debug\link-cvtres.write.1.tlog
F:\IPMP_CALLSERVICE\MEDIAPLAY\DEBUG\MEDIAPLAY.BSC
F:\IPMP_CALLSERVICE\MEDIAPLAY\DEBUG\MEDIAPLAY.EXE
F:\IPMP_CALLSERVICE\MEDIAPLAY\DEBUG\MEDIAPLAY.EXE.EMBED.MANIFEST
F:\IPMP_CALLSERVICE\MEDIAPLAY\DEBUG\MEDIAPLAY.EXE.EMBED.MANIFEST.RES
F:\IPMP_CALLSERVICE\MEDIAPLAY\DEBUG\MEDIAPLAY.EXE.INTERMEDIATE.MANIFEST
F:\IPMP_CALLSERVICE\MEDIAPLAY\DEBUG\MEDIAPLAY.ILK
F:\IPMP_CALLSERVICE\MEDIAPLAY\DEBUG\MEDIAPLAY.OBJ
F:\IPMP_CALLSERVICE\MEDIAPLAY\DEBUG\MEDIAPLAY.PCH
F:\IPMP_CALLSERVICE\MEDIAPLAY\DEBUG\MEDIAPLAY.PDB
F:\IPMP_CALLSERVICE\MEDIAPLAY\DEBUG\MEDIAPLAY.RES
F:\IPMP_CALLSERVICE\MEDIAPLAY\DEBUG\MEDIAPLAY.SBR
F:\IPMP_CallService\MediaPlay\Debug\MediaPlay.write.1.tlog
F:\IPMP_CallService\MediaPlay\Debug\MediaPlay_manifest.rc
F:\IPMP_CALLSERVICE\MEDIAPLAY\DEBUG\MEDIAPLAYDLG.OBJ
F:\IPMP_CALLSERVICE\MEDIAPLAY\DEBUG\MEDIAPLAYDLG.SBR
F:\IPMP_CallService\MediaPlay\Debug\mt.command.1.tlog
F:\IPMP_CallService\MediaPlay\Debug\mt.read.1.tlog
F:\IPMP_CallService\MediaPlay\Debug\mt.write.1.tlog
F:\IPMP_CallService\MediaPlay\Debug\rc.command.1.tlog
F:\IPMP_CallService\MediaPlay\Debug\rc.read.1.tlog
F:\IPMP_CallService\MediaPlay\Debug\rc.write.1.tlog
F:\IPMP_CALLSERVICE\MEDIAPLAY\DEBUG\STDAFX.OBJ
F:\IPMP_CALLSERVICE\MEDIAPLAY\DEBUG\STDAFX.SBR
F:\IPMP_CallService\MediaPlay\Debug\vc100.idb
F:\IPMP_CALLSERVICE\MEDIAPLAY\DEBUG\VC100.PDB
F:\IPMP_CallService\MediaPlay\Debug\vc60.idb
F:\IPMP_CallService\MediaPlay\Debug\vc60.pdb
F:\IPMP_CALLSERVICE\MEDIAPLAY\DEBUG\WMPCDROM.OBJ
F:\IPMP_CALLSERVICE\MEDIAPLAY\DEBUG\WMPCDROM.SBR
F:\IPMP_CALLSERVICE\MEDIAPLAY\DEBUG\WMPCDROMCOLLECTION.OBJ
F:\IPMP_CALLSERVICE\MEDIAPLAY\DEBUG\WMPCDROMCOLLECTION.SBR
F:\IPMP_CALLSERVICE\MEDIAPLAY\DEBUG\WMPCLOSEDCAPTION.OBJ
F:\IPMP_CALLSERVICE\MEDIAPLAY\DEBUG\WMPCLOSEDCAPTION.SBR
F:\IPMP_CALLSERVICE\MEDIAPLAY\DEBUG\WMPCONTROLS.OBJ
F:\IPMP_CALLSERVICE\MEDIAPLAY\DEBUG\WMPCONTROLS.SBR
F:\IPMP_CALLSERVICE\MEDIAPLAY\DEBUG\WMPDVD.OBJ
F:\IPMP_CALLSERVICE\MEDIAPLAY\DEBUG\WMPDVD.SBR
F:\IPMP_CALLSERVICE\MEDIAPLAY\DEBUG\WMPERROR.OBJ
F:\IPMP_CALLSERVICE\MEDIAPLAY\DEBUG\WMPERROR.SBR
F:\IPMP_CALLSERVICE\MEDIAPLAY\DEBUG\WMPERRORITEM.OBJ
F:\IPMP_CALLSERVICE\MEDIAPLAY\DEBUG\WMPERRORITEM.SBR
F:\IPMP_CALLSERVICE\MEDIAPLAY\DEBUG\WMPMEDIA.OBJ
F:\IPMP_CALLSERVICE\MEDIAPLAY\DEBUG\WMPMEDIA.SBR
F:\IPMP_CALLSERVICE\MEDIAPLAY\DEBUG\WMPMEDIACOLLECTION.OBJ
F:\IPMP_CALLSERVICE\MEDIAPLAY\DEBUG\WMPMEDIACOLLECTION.SBR
F:\IPMP_CALLSERVICE\MEDIAPLAY\DEBUG\WMPNETWORK.OBJ
F:\IPMP_CALLSERVICE\MEDIAPLAY\DEBUG\WMPNETWORK.SBR
F:\IPMP_CALLSERVICE\MEDIAPLAY\DEBUG\WMPPLAYER4.OBJ
F:\IPMP_CALLSERVICE\MEDIAPLAY\DEBUG\WMPPLAYER4.SBR
F:\IPMP_CALLSERVICE\MEDIAPLAY\DEBUG\WMPPLAYERAPPLICATION.OBJ
F:\IPMP_CALLSERVICE\MEDIAPLAY\DEBUG\WMPPLAYERAPPLICATION.SBR
F:\IPMP_CALLSERVICE\MEDIAPLAY\DEBUG\WMPPLAYLIST.OBJ
F:\IPMP_CALLSERVICE\MEDIAPLAY\DEBUG\WMPPLAYLIST.SBR
F:\IPMP_CALLSERVICE\MEDIAPLAY\DEBUG\WMPPLAYLISTARRAY.OBJ
F:\IPMP_CALLSERVICE\MEDIAPLAY\DEBUG\WMPPLAYLISTARRAY.SBR
F:\IPMP_CALLSERVICE\MEDIAPLAY\DEBUG\WMPPLAYLISTCOLLECTION.OBJ
F:\IPMP_CALLSERVICE\MEDIAPLAY\DEBUG\WMPPLAYLISTCOLLECTION.SBR
F:\IPMP_CALLSERVICE\MEDIAPLAY\DEBUG\WMPSETTINGS.OBJ
F:\IPMP_CALLSERVICE\MEDIAPLAY\DEBUG\WMPSETTINGS.SBR
F:\IPMP_CALLSERVICE\MEDIAPLAY\DEBUG\WMPSTRINGCOLLECTION.OBJ
F:\IPMP_CALLSERVICE\MEDIAPLAY\DEBUG\WMPSTRINGCOLLECTION.SBR
